0:100  0:100  MemLog inited, TSC freq: 3303247157
0:100  0:000  
0:100  0:000  Now is 9.8.2015,  12:3:36 (GMT+2047)
0:100  0:000  Starting Clover rev 3253 on American Megatrends EFI
0:100  0:000  SelfDevicePath=PciRoot(0x0)\Pci(0x1F,0x2)\Sata(0x0,0xFFFF,0x0)\HD(1,GPT,F333D6C6-0036-4E15-89BD-B3347A6C6B08,0x28,0x64000) @DB697D98
0:100  0:000  SelfDirPath = \EFI\BOOT
0:100  0:000  Total Memory Slots Count = 4
0:100  0:000  Type 17 Index = 0
0:100  0:000  SmbiosTable.Type17->Speed = 1600MHz
0:100  0:000  SmbiosTable.Type17->Size = 4096MB
0:100  0:000  SmbiosTable.Type17->Bank/Device = BANK 0 ChannelA-DIMM0
0:100  0:000  Type 17 Index = 1
0:100  0:000  SmbiosTable.Type17->Speed = 1600MHz
0:100  0:000  SmbiosTable.Type17->Size = 4096MB
0:100  0:000  SmbiosTable.Type17->Bank/Device = BANK 1 ChannelA-DIMM1
0:100  0:000  Type 17 Index = 2
0:100  0:000  SmbiosTable.Type17->Speed = 1600MHz
0:100  0:000  SmbiosTable.Type17->Size = 4096MB
0:100  0:000  SmbiosTable.Type17->Bank/Device = BANK 2 ChannelB-DIMM0
0:100  0:000  Type 17 Index = 3
0:100  0:000  SmbiosTable.Type17->Speed = 1600MHz
0:100  0:000  SmbiosTable.Type17->Size = 4096MB
0:100  0:000  SmbiosTable.Type17->Bank/Device = BANK 3 ChannelB-DIMM1
0:100  0:000  Boot status=0
0:100  0:000  Clover revision: 3253  running on To be filled by O.E.M.
0:100  0:000  ... with board Z77P-D3
0:100  0:000  CPU Vendor = 756E6547 Model=306A9
0:100  0:000  The CPU supported turbo
0:100  0:000  BrandString = Intel(R) Xeon(R) CPU E3-1230 V2 @ 3.30GHz
0:100  0:000  MSR 0xE2 before patch 1E000403
0:100  0:000  MSR 0xE4              00010414
0:100  0:000  MSR 0xCE              00081010_E0012100
0:100  0:000  non-usable FLEX_RATIO = 10000
0:100  0:000  corrected FLEX_RATIO = 0
0:100  0:000  MSR 0x1B0             00000000
0:100  0:000  FSBFrequency=106MHz DMIvalue=100000kHz
0:100  0:000  Corrected FSBFrequency=100MHz
0:100  0:000  Vendor/Model/Stepping: 0x756E6547/0x3A/0x9
0:100  0:000  Family/ExtFamily: 0x6/0x0
0:100  0:000  MaxDiv/MinDiv: 33.0/16
0:100  0:000  Turbo: 35/36/37/37
0:100  0:000  Features: 0xBFEBFBFF
0:100  0:000  Threads: 8
0:100  0:000  Cores: 4
0:100  0:000  FSB: 100 MHz
0:100  0:000  CPU: 3500 MHz
0:100  0:000  TSC: 3500 MHz
0:100  0:000  PIS: 400 MHz
0:100  0:000  PCI (00|00:00.00) : 8086 0158 class=060000
0:100  0:000  PCI (00|00:01.00) : 8086 0151 class=060400
0:100  0:000  PCI (00|01:00.00) : 10DE 11C6 class=030000
0:100  0:000  Found NVidia model=MSi GeForce GTX 650 Ti
0:100  0:000  PCI (00|01:00.01) : 10DE 0E0B class=040300
0:100  0:000  PCI (00|00:14.00) : 8086 1E31 class=0C0330
0:100  0:000  PCI (00|00:16.00) : 8086 1E3A class=078000
0:100  0:000  PCI (00|00:16.01) : FFFF FFFF class=FFFFFF
0:100  0:000  PCI (00|00:1A.00) : 8086 1E2D class=0C0320
0:100  0:000  PCI (00|00:1B.00) : 8086 1E20 class=040300
0:100  0:000  PCI (00|00:1C.00) : 8086 1E10 class=060400
0:100  0:000  PCI (00|00:1C.01) : 8086 1E12 class=060400
0:100  0:000  PCI (00|03:00.00) : 14E4 43A0 class=028000
0:100  0:000  PCI (00|00:1C.02) : 8086 1E14 class=060400
0:100  0:000  PCI (00|04:00.00) : 10EC 8168 class=020000
0:100  0:000  LAN 0, Vendor=10EC, MMIO=D000
0:100  0:000  PCI (00|00:1C.03) : 8086 244E class=060401
0:100  0:000  PCI (00|05:00.00) : 8086 244E class=060401
0:100  0:000  PCI (00|00:1D.00) : 8086 1E26 class=0C0320
0:100  0:000  PCI (00|00:1F.00) : 8086 1E44 class=060100
0:100  0:000  PCI (00|00:1F.02) : 8086 1E02 class=010601
0:100  0:000  PCI (00|00:1F.03) : 8086 1E22 class=0C0500
0:100  0:000  PCI (00|00:1F.06) : FFFF FFFF class=FFFFFF
0:100  0:000  Clover load options size = 0 bytes
0:106  0:006  Using OEM config.plist at path: EFI\CLOVER\config.plist
0:106  0:000  EFI\CLOVER\config.plist loaded: Success
0:108  0:001  Found theme directory: black_green
0:112  0:004  Found theme directory: EMBEDDED
0:114  0:001  Found theme directory: RANDOM
0:115  0:001  Found theme directory: Yosemite
0:120  0:004  Loading early settings
0:120  0:000  timeout set to 3
0:120  0:000  Custom boot CUSTOM_BOOT_DISABLED (0x0)
0:120  0:000  Default theme: Yosemite
0:120  0:000  Hiding entries with string BOOTX64.EFI
0:120  0:000  Hiding entries with string ST_DATA
0:120  0:000  Hiding entries with string Recovery HD
0:120  0:000  Copying global patch settings
0:120  0:000  Copying global patch settings
0:120  0:000  Copying global patch settings
0:120  0:000  LoadDrivers() start
0:122  0:002  Loading CsmVideoDxe-64.efi  status=Success
0:124  0:001   - driver needs connecting
0:124  0:000  Loading DataHubDxe-64.efi  status=Success
0:148  0:023  Loading EmuVariableUefi-64.efi  status=Success
0:149  0:000  EmuVariableUefi Initialize: VariableCommonInitialize = Success, orig services stored, install gEmuVariableControlProtocolGuid = Success
0:149  0:000  Loading FSInject-64.efi  status=Success
0:150  0:000  Loading HFSPlus-64.efi  status=Success
0:151  0:001   - driver needs connecting
0:151  0:000  Loading NTFS.EFI  status=Success
0:154  0:002   - driver needs connecting
0:154  0:000  Loading OsxAptioFixDrv-64.efi  status=Success
0:155  0:000  Loading OsxFatBinaryDrv-64.efi  status=Success
0:156  0:001  Loading PartitionDxe-64.efi  status=Success
0:157  0:000   - driver needs connecting
0:157  0:000  4 drivers needs connecting ...
0:157  0:000  PlatformDriverOverrideProtocol not found. Installing ... Success
0:157  0:000  Partition driver loaded: CD disconnect Success
0:157  0:000  HFS+ driver loaded 
0:157  0:000  Video driver loaded: disconnect Success
0:229  0:072  Searching for invalid DiskIo BY_DRIVER connects: not found, all ok
0:244  0:014  CsmVideoDriverBindingStart
0:244  0:000  mixed support=40010
0:244  0:000  Controller is [030000]
0:244  0:000  Check for VBE
0:308  0:063   found Detail Timing 1920x1080
0:318  0:010    0 640x480 attr=3BF - ok, edid+, 640x480, working, highest, pref=0
0:320  0:001    1 800x600 attr=3BF - ok, edid+, 800x600, working, highest, pref=1
0:321  0:001    2 1024x768 attr=3BF - ok, edid+, 1024x768, working, highest, pref=2
0:323  0:001    3 1280x1024 attr=3BF - ok, edid+, working, highest, pref=3
0:333  0:010    4 1920x1080 attr=3BF - ok, edid+, working, highest, pref=4
0:335  0:001    5 1280x800 attr=3BF - ok, edid-
0:335  0:000  CsmVideo: New mode: 4 1920x1080 - set
0:679  0:343   - SetMode pref 4 (4) = Success
0:679  0:000  CsmVideoCheckForVbe - Success
0:679  0:000  CsmVideoDriverBindingStart end Success
0:679  0:000  CsmVideo: New mode: 1 800x600 - blocking that switch
0:679  0:000  CsmVideo: New mode: 1 800x600 - blocking that switch
0:680  0:000  CsmVideo: New mode: 1 800x600 - blocking that switch
2:300  1:620  LoadDrivers() end
2:300  0:000  EmuVariable InstallEmulation: orig vars copied, emu.var.services installed, CreateEvent VirtualAddressChange = Success, CreateEvent ExitBootServices = Success, set Status=Success
2:317  0:016  SetScreenResolution: 1920x1080 - already set
2:317  0:000  Console modes reported: 4, available modes:
2:317  0:000    Mode 1: 80x25 (current mode)
2:317  0:000    Mode 2: 80x50
2:317  0:000    Mode 3: 100x31
2:317  0:000    Mode 4: 128x30
2:317  0:000  SetScreenResolution: 1920x1080 - already set
2:317  0:000  reinit: self device path=PciRoot(0x0)\Pci(0x1F,0x2)\Sata(0x0,0xFFFF,0x0)\HD(1,GPT,F333D6C6-0036-4E15-89BD-B3347A6C6B08,0x28,0x64000)
2:317  0:000  MAC address of LAN #0= 94:DE:80:A8:D3:B3:
2:317  0:000  ScanSPD() start
2:317  0:000  SMBus CmdReg: 0x1
2:317  0:000  Scanning SMBus [8086:1E22], mmio: 0xF7115004, ioport: 0xF000, hostc: 0x1
2:317  0:000  Slots to scan [8]...
2:332  0:014  SPD[0]: Type 11 @0x50 
2:340  0:008  Found module with XMP version 1.3XMP Profile1: 10*1/8ns
2:340  0:000  Using XMP Profile1 instead of standard frequency 1333MHz
2:340  0:000  DDR speed 1600MHz 
2:340  0:000  Slot: 0 Type 24 4096MB 1600MHz Vendor=Kingston PartNo=KHX1600C9D34GX SerialNo=0B07030C0B0D0C0C 
2:355  0:014  SPD[1]: Type 11 @0x51 
2:363  0:008  Found module with XMP version 1.3XMP Profile1: 10*1/8ns
2:363  0:000  Using XMP Profile1 instead of standard frequency 1333MHz
2:363  0:000  DDR speed 1600MHz 
2:363  0:000  Slot: 1 Type 24 4096MB 1600MHz Vendor=Kingston PartNo=KHX1600C9D34GX SerialNo=0B0D02040E060604 
2:378  0:014  SPD[2]: Type 11 @0x52 
2:386  0:008  Found module with XMP version 1.3XMP Profile1: 10*1/8ns
2:386  0:000  Using XMP Profile1 instead of standard frequency 1333MHz
2:386  0:000  DDR speed 1600MHz 
2:386  0:000  Slot: 2 Type 24 4096MB 1600MHz Vendor=Kingston PartNo=KHX1600C9D34GX SerialNo=0B0E030C01020804 
2:400  0:014  SPD[3]: Type 11 @0x53 
2:409  0:008  Found module with XMP version 1.3XMP Profile1: 10*1/8ns
2:409  0:000  Using XMP Profile1 instead of standard frequency 1333MHz
2:409  0:000  DDR speed 1600MHz 
2:409  0:000  Slot: 3 Type 24 4096MB 1600MHz Vendor=Kingston PartNo=KHX1600C9D34GX SerialNo=0B0B020405000605 
2:434  0:025  ScanSPD() end
2:434  0:000  Get Acpi Tables List from RSDT:
2:434  0:000   Found table: FACP  A M I len=132
2:434  0:000   Found table: APIC  A M I len=146
2:434  0:000   Found table: MCFG   len=60
2:434  0:000   Found table: HPET  A M I len=56
2:434  0:000   Found table: SSDT  SataTabl len=877
2:434  0:000   Found table: SSDT  Cpu0Ist len=2474
2:434  0:000   Found table: SSDT  CpuPm len=2706
2:434  0:000   Found table: DMAR  SNB  len=128
2:434  0:000  Calibrated TSC frequency =3303247157 =3303MHz
2:435  0:000  Loading main settings
2:435  0:000  Dropping 1 tables
2:435  0:000  Drop table 0 signature="SSDT" (54445353) table-id="cpu0lst" (0074736C30757063)
2:435  0:000  set table: 54445353,   74736C30757063 to drop:
2:435  0:000  Config set Fixes will override FixMask mask!
2:435  0:000     final mask=00009000
2:435  0:000  Config set MinMultiplier=16
2:435  0:000  Config set MaxMultiplier=37
2:435  0:000  Config set PluginType=1
2:435  0:000  Config set ChassisType=0xD
2:435  0:000  Config set CpuFreq=3300MHz
2:435  0:000  Config set CpuType=501
2:435  0:000  Config set BusSpeed=100000kHz
2:435  0:000  found 19 volumes with blockIO
2:435  0:000   0. Volume:
2:435  0:000    PciRoot(0x0)\Pci(0x1F,0x2)\Sata(0x0,0xFFFF,0x0)
2:435  0:000   1. Volume:
2:435  0:000    PciRoot(0x0)\Pci(0x1F,0x2)\Sata(0x1,0xFFFF,0x0)
2:436  0:000   2. Volume:
2:436  0:000    PciRoot(0x0)\Pci(0x1F,0x2)\Sata(0x2,0xFFFF,0x0)
2:436  0:000    found optical drive
2:436  0:000   3. Volume:
2:436  0:000    PciRoot(0x0)\Pci(0x1F,0x2)\Sata(0x0,0xFFFF,0x0)\HD(1,GPT,F333D6C6-0036-4E15-89BD-B3347A6C6B08,0x28,0x64000)
2:436  0:000    Result of bootcode detection: bootable Windows (vista,win)
2:443  0:006    This is SelfVolume !!
2:443  0:000   4. Volume:
2:443  0:000    PciRoot(0x0)\Pci(0x1F,0x2)\Sata(0x0,0xFFFF,0x0)\HD(2,GPT,9DBE4AEB-992A-42A6-A791-C1782DB90E60,0x64800,0x8000)
2:444  0:000   5. Volume:
2:444  0:000    PciRoot(0x0)\Pci(0x1F,0x2)\Sata(0x0,0xFFFF,0x0)\HD(3,GPT,DBBE0983-F61B-42AE-BC68-D524E8E998D9,0x6C800,0xA067800)
2:444  0:000    Result of bootcode detection: bootable Windows (vista,win)
2:444  0:000   6. Volume:
2:444  0:000    PciRoot(0x0)\Pci(0x1F,0x2)\Sata(0x0,0xFFFF,0x0)\HD(4,GPT,3295EE55-8C06-4273-9A36-5AE3203CE636,0xA0D4018,0x130069A8)
2:445  0:000   7. Volume:
2:445  0:000    PciRoot(0x0)\Pci(0x1F,0x2)\Sata(0x0,0xFFFF,0x0)\HD(5,GPT,88697EBA-8263-4600-B44D-DDEBA9881401,0x1D0DA9C0,0x135F20)
2:445  0:000    hiding this volume
2:445  0:000   8. Volume:
2:445  0:000    PciRoot(0x0)\Pci(0x1F,0x2)\Sata(0x0,0xFFFF,0x0)\HD(6,GPT,ECE27779-4274-4753-9272-F41C513A9EA8,0x1D2108E0,0x135F20)
2:446  0:000   9. Volume:
2:446  0:000    PciRoot(0x0)\Pci(0x1F,0x2)\Sata(0x0,0xFFFF,0x0)\HD(7,GPT,3586F596-4509-44F0-8CCA-F9AF60AA8D18,0x1D346800,0x8000)
2:446  0:000  10. Volume:
2:446  0:000    PciRoot(0x0)\Pci(0x1F,0x2)\Sata(0x1,0xFFFF,0x0)\HD(1,GPT,36981534-1E0D-4ED2-85ED-A36A0FD6F295,0x28,0x64000)
2:447  0:000    Result of bootcode detection: bootable Windows (vista,win)
2:470  0:023  11. Volume:
2:470  0:000    PciRoot(0x0)\Pci(0x1F,0x2)\Sata(0x1,0xFFFF,0x0)\HD(2,GPT,983EFCFE-765F-4AD3-8DE7-C7D4D09D8351,0x64800,0xD079000)
2:471  0:000    Result of bootcode detection: bootable Windows (vista,win)
2:471  0:000  12. Volume:
2:471  0:000    PciRoot(0x0)\Pci(0x1F,0x2)\Sata(0x1,0xFFFF,0x0)\HD(3,GPT,15D0B49B-F77C-4227-B86F-A7F218CB9A54,0xD0DD800,0xB71B0000)
2:471  0:000    Result of bootcode detection: bootable Windows (vista,win)
2:471  0:000    hiding this volume
2:471  0:000  13. Volume:
2:471  0:000    PciRoot(0x0)\Pci(0x1F,0x2)\Sata(0x1,0xFFFF,0x0)\HD(4,GPT,72892FC1-8188-4AF3-BDFC-8EB3487D715E,0xC428D800,0xFE63800)
2:472  0:000  14. Volume:
2:472  0:000    PciRoot(0x0)\Pci(0x1F,0x2)\Sata(0x1,0xFFFF,0x0)\HD(5,GPT,D2B53481-B760-4E92-90E4-E786DF90A545,0xD40F1000,0x135F20)
2:472  0:000    hiding this volume
2:472  0:000  15. Volume:
2:472  0:000    PciRoot(0x0)\Pci(0x1F,0x2)\Sata(0x1,0xFFFF,0x0)\HD(6,GPT,B745F473-B644-4302-9C03-1031D84ABFD1,0xD4227800,0x1122E8E0)
2:473  0:000  16. Volume:
2:473  0:000    PciRoot(0x0)\Pci(0x1F,0x2)\Sata(0x1,0xFFFF,0x0)\HD(7,GPT,9FC7125C-88CC-46C6-BB38-EA4E351C1E3F,0xE558C000,0x3F800)
2:474  0:000  17. Volume:
2:474  0:000    PciRoot(0x0)\Pci(0x1F,0x2)\Sata(0x1,0xFFFF,0x0)\HD(8,GPT,21BD0321-8928-4B09-818D-1006395F1166,0xE55CB800,0x3707168)
2:474  0:000  18. Volume:
2:474  0:000    PciRoot(0x0)\Pci(0x1F,0x2)\Sata(0x1,0xFFFF,0x0)\HD(9,GPT,6559FD9D-F87B-48FB-AF5E-85E05854B928,0xE8CD2968,0x135F20)
2:475  0:000    hiding this volume
2:496  0:020  Loading nvram.plist from Vol 'SSD_OS X' - loaded, size=879
2:496  0:000  PutNvramPlistToRtVars ...
2:496  0:000   Adding Key: EFIBluetoothDelay: Size = 2, Data: B8 0B 
2:496  0:000   Skipping EmuVariableUefiPresent
2:496  0:000   Skipping OsxAptioFixDrv-RelocBase
2:496  0:000   Adding Key: SystemAudioVolume: Size = 1, Data: 01 
2:496  0:000   Adding Key: SystemAudioVolumeDB: Size = 1, Data: F8 
2:496  0:000   Adding Key: bluetoothActiveControllerInfo: Size = 16, Data: 89 82 AC 05 00 00 00 30 11 1A B8 09 8A B7 A1 0A 
2:496  0:000   Adding Key: bluetoothInternalControllerInfo: Size = 14, Data: 89 82 AC 05 00 30 11 1A B8 09 8A B7 A1 0A 
2:496  0:000   Adding Key: csr-active-config: Size = 4, Data: 67 00 00 00 
2:496  0:000   Adding Key: fmm-computer-name: Size = 16, Data: 6F 73 E7 9A 84 4D 61 63 42 6F 6F 6B 20 50 72 6F 
2:496  0:000   Adding Key: prev-lang:kbd: Size = 7, Data: 7A 68 5F 43 4E 3A 30 
2:496  0:000   Adding Key: security-mode: String: Size = 4, Val = 'none'
2:497  0:001  Using theme 'Yosemite' (EFI\CLOVER\themes\Yosemite)
2:497  0:000  OS main and drive as badge
2:500  0:002  Choosing theme Yosemite
2:500  0:000  Custom entries start
2:500  0:000  Custom entry 0 FullTitle:"SSD_WINDOWS 10" Path:"\EFI\Microsoft\Boot\bootmgfw.efi" Options:"-s -h" Type:7 Flags:0x0 matching Volume:"F333D6C6-0036-4E15-89BD-B3347A6C6B08"
2:500  0:000      Checking volume "EFI" (PciRoot(0x0)\Pci(0x1F,0x2)\Sata(0x0,0xFFFF,0x0)\HD(1,GPT,F333D6C6-0036-4E15-89BD-B3347A6C6B08,0x28,0x64000)) ... match!
2:519  0:019      Checking volume "SSD_WIN10" (PciRoot(0x0)\Pci(0x1F,0x2)\Sata(0x0,0xFFFF,0x0)\HD(3,GPT,DBBE0983-F61B-42AE-BC68-D524E8E998D9,0x6C800,0xA067800)) ... skipped
2:519  0:000      Checking volume "SSD_OS X" (PciRoot(0x0)\Pci(0x1F,0x2)\Sata(0x0,0xFFFF,0x0)\HD(4,GPT,3295EE55-8C06-4273-9A36-5AE3203CE636,0xA0D4018,0x130069A8)) ... skipped
2:519  0:000      Checking volume "Recovery HD" (PciRoot(0x0)\Pci(0x1F,0x2)\Sata(0x0,0xFFFF,0x0)\HD(5,GPT,88697EBA-8263-4600-B44D-DDEBA9881401,0x1D0DA9C0,0x135F20)) ... skipped because volume is hidden
2:519  0:000      Checking volume "SSD_BAK" (PciRoot(0x0)\Pci(0x1F,0x2)\Sata(0x0,0xFFFF,0x0)\HD(6,GPT,ECE27779-4274-4753-9272-F41C513A9EA8,0x1D2108E0,0x135F20)) ... skipped
2:519  0:000      Checking volume "EFI" (PciRoot(0x0)\Pci(0x1F,0x2)\Sata(0x1,0xFFFF,0x0)\HD(1,GPT,36981534-1E0D-4ED2-85ED-A36A0FD6F295,0x28,0x64000)) ... skipped
2:519  0:000      Checking volume "ST_WIN81" (PciRoot(0x0)\Pci(0x1F,0x2)\Sata(0x1,0xFFFF,0x0)\HD(2,GPT,983EFCFE-765F-4AD3-8DE7-C7D4D09D8351,0x64800,0xD079000)) ... skipped
2:519  0:000      Checking volume "ST_DATA" (PciRoot(0x0)\Pci(0x1F,0x2)\Sata(0x1,0xFFFF,0x0)\HD(3,GPT,15D0B49B-F77C-4227-B86F-A7F218CB9A54,0xD0DD800,0xB71B0000)) ... skipped because volume is hidden
2:519  0:000      Checking volume "ST_OS X 1010" (PciRoot(0x0)\Pci(0x1F,0x2)\Sata(0x1,0xFFFF,0x0)\HD(4,GPT,72892FC1-8188-4AF3-BDFC-8EB3487D715E,0xC428D800,0xFE63800)) ... skipped
2:519  0:000      Checking volume "Recovery HD" (PciRoot(0x0)\Pci(0x1F,0x2)\Sata(0x1,0xFFFF,0x0)\HD(5,GPT,D2B53481-B760-4E92-90E4-E786DF90A545,0xD40F1000,0x135F20)) ... skipped because volume is hidden
2:519  0:000      Checking volume "ST_OS X 1011" (PciRoot(0x0)\Pci(0x1F,0x2)\Sata(0x1,0xFFFF,0x0)\HD(6,GPT,B745F473-B644-4302-9C03-1031D84ABFD1,0xD4227800,0x1122E8E0)) ... skipped
2:519  0:000      Checking volume "ST_OS X 1095" (PciRoot(0x0)\Pci(0x1F,0x2)\Sata(0x1,0xFFFF,0x0)\HD(8,GPT,21BD0321-8928-4B09-818D-1006395F1166,0xE55CB800,0x3707168)) ... skipped
2:519  0:000      Checking volume "Recovery HD" (PciRoot(0x0)\Pci(0x1F,0x2)\Sata(0x1,0xFFFF,0x0)\HD(9,GPT,6559FD9D-F87B-48FB-AF5E-85E05854B928,0xE8CD2968,0x135F20)) ... skipped because volume is hidden
2:519  0:000  Custom entry 1 FullTitle:"ST_WINDOWS 8.1" Path:"\EFI\Microsoft\Boot\bootmgfw.efi" Options:"-s -h" Type:7 Flags:0x0 matching Volume:"36981534-1E0D-4ED2-85ED-A36A0FD6F295"
2:519  0:000      Checking volume "EFI" (PciRoot(0x0)\Pci(0x1F,0x2)\Sata(0x0,0xFFFF,0x0)\HD(1,GPT,F333D6C6-0036-4E15-89BD-B3347A6C6B08,0x28,0x64000)) ... skipped
2:519  0:000      Checking volume "SSD_WIN10" (PciRoot(0x0)\Pci(0x1F,0x2)\Sata(0x0,0xFFFF,0x0)\HD(3,GPT,DBBE0983-F61B-42AE-BC68-D524E8E998D9,0x6C800,0xA067800)) ... skipped
2:519  0:000      Checking volume "SSD_OS X" (PciRoot(0x0)\Pci(0x1F,0x2)\Sata(0x0,0xFFFF,0x0)\HD(4,GPT,3295EE55-8C06-4273-9A36-5AE3203CE636,0xA0D4018,0x130069A8)) ... skipped
2:519  0:000      Checking volume "Recovery HD" (PciRoot(0x0)\Pci(0x1F,0x2)\Sata(0x0,0xFFFF,0x0)\HD(5,GPT,88697EBA-8263-4600-B44D-DDEBA9881401,0x1D0DA9C0,0x135F20)) ... skipped because volume is hidden
2:519  0:000      Checking volume "SSD_BAK" (PciRoot(0x0)\Pci(0x1F,0x2)\Sata(0x0,0xFFFF,0x0)\HD(6,GPT,ECE27779-4274-4753-9272-F41C513A9EA8,0x1D2108E0,0x135F20)) ... skipped
2:519  0:000      Checking volume "EFI" (PciRoot(0x0)\Pci(0x1F,0x2)\Sata(0x1,0xFFFF,0x0)\HD(1,GPT,36981534-1E0D-4ED2-85ED-A36A0FD6F295,0x28,0x64000)) ... match!
2:593  0:074      Checking volume "ST_WIN81" (PciRoot(0x0)\Pci(0x1F,0x2)\Sata(0x1,0xFFFF,0x0)\HD(2,GPT,983EFCFE-765F-4AD3-8DE7-C7D4D09D8351,0x64800,0xD079000)) ... skipped
2:593  0:000      Checking volume "ST_DATA" (PciRoot(0x0)\Pci(0x1F,0x2)\Sata(0x1,0xFFFF,0x0)\HD(3,GPT,15D0B49B-F77C-4227-B86F-A7F218CB9A54,0xD0DD800,0xB71B0000)) ... skipped because volume is hidden
2:593  0:000      Checking volume "ST_OS X 1010" (PciRoot(0x0)\Pci(0x1F,0x2)\Sata(0x1,0xFFFF,0x0)\HD(4,GPT,72892FC1-8188-4AF3-BDFC-8EB3487D715E,0xC428D800,0xFE63800)) ... skipped
2:593  0:000      Checking volume "Recovery HD" (PciRoot(0x0)\Pci(0x1F,0x2)\Sata(0x1,0xFFFF,0x0)\HD(5,GPT,D2B53481-B760-4E92-90E4-E786DF90A545,0xD40F1000,0x135F20)) ... skipped because volume is hidden
2:593  0:000      Checking volume "ST_OS X 1011" (PciRoot(0x0)\Pci(0x1F,0x2)\Sata(0x1,0xFFFF,0x0)\HD(6,GPT,B745F473-B644-4302-9C03-1031D84ABFD1,0xD4227800,0x1122E8E0)) ... skipped
2:593  0:000      Checking volume "ST_OS X 1095" (PciRoot(0x0)\Pci(0x1F,0x2)\Sata(0x1,0xFFFF,0x0)\HD(8,GPT,21BD0321-8928-4B09-818D-1006395F1166,0xE55CB800,0x3707168)) ... skipped
2:593  0:000      Checking volume "Recovery HD" (PciRoot(0x0)\Pci(0x1F,0x2)\Sata(0x1,0xFFFF,0x0)\HD(9,GPT,6559FD9D-F87B-48FB-AF5E-85E05854B928,0xE8CD2968,0x135F20)) ... skipped because volume is hidden
2:593  0:000  Custom entry 2 FullTitle:"SSD_OS X Yosemite" Path:"\System\Library\CoreServices\boot.efi" Type:1 Flags:0xA matching Volume:"3295EE55-8C06-4273-9A36-5AE3203CE636"
2:593  0:000      Checking volume "EFI" (PciRoot(0x0)\Pci(0x1F,0x2)\Sata(0x0,0xFFFF,0x0)\HD(1,GPT,F333D6C6-0036-4E15-89BD-B3347A6C6B08,0x28,0x64000)) ... skipped
2:593  0:000      Checking volume "SSD_WIN10" (PciRoot(0x0)\Pci(0x1F,0x2)\Sata(0x0,0xFFFF,0x0)\HD(3,GPT,DBBE0983-F61B-42AE-BC68-D524E8E998D9,0x6C800,0xA067800)) ... skipped
2:593  0:000      Checking volume "SSD_OS X" (PciRoot(0x0)\Pci(0x1F,0x2)\Sata(0x0,0xFFFF,0x0)\HD(4,GPT,3295EE55-8C06-4273-9A36-5AE3203CE636,0xA0D4018,0x130069A8)) ... match!
2:598  0:005      Check if volume Is Hibernated:
2:598  0:000      Check sleep image 'by signature':
2:603  0:004      read prefs \Library\Preferences\SystemConfiguration\com.apple.PowerManagement.plist status=Success
2:603  0:000      SleepImage name from pref: ImageVolume = 'SSD_OS X', ImageName = '\private\var\vm\sleepimage'
2:605  0:002      Reading first 512 bytes of sleepimage ...
2:606  0:000   OurBlockIoRead: Lba=17ED6EE0, Offset=2FDADDC000 (BlockSize=512)
2:606  0:000   sig lion: F1E0BE9D
2:606  0:000   sig snow: 0
2:606  0:000   no valid sleep image offset was found
2:606  0:000      Reading completed -> Success
2:606  0:000       sleepimage offset could not be acquired
2:606  0:000       hibernated: no - sign
2:606  0:000    Icon 17 (icons\vol_internal_hfs.icns) not found
2:606  0:000    Theme path EFI\CLOVER\themes\Yosemite, ThemeDir=D1DC8818
2:607  0:001      Checking volume "Recovery HD" (PciRoot(0x0)\Pci(0x1F,0x2)\Sata(0x0,0xFFFF,0x0)\HD(5,GPT,88697EBA-8263-4600-B44D-DDEBA9881401,0x1D0DA9C0,0x135F20)) ... skipped because volume is hidden
2:607  0:000      Checking volume "SSD_BAK" (PciRoot(0x0)\Pci(0x1F,0x2)\Sata(0x0,0xFFFF,0x0)\HD(6,GPT,ECE27779-4274-4753-9272-F41C513A9EA8,0x1D2108E0,0x135F20)) ... skipped
2:607  0:000      Checking volume "EFI" (PciRoot(0x0)\Pci(0x1F,0x2)\Sata(0x1,0xFFFF,0x0)\HD(1,GPT,36981534-1E0D-4ED2-85ED-A36A0FD6F295,0x28,0x64000)) ... skipped
2:607  0:000      Checking volume "ST_WIN81" (PciRoot(0x0)\Pci(0x1F,0x2)\Sata(0x1,0xFFFF,0x0)\HD(2,GPT,983EFCFE-765F-4AD3-8DE7-C7D4D09D8351,0x64800,0xD079000)) ... skipped
2:607  0:000      Checking volume "ST_DATA" (PciRoot(0x0)\Pci(0x1F,0x2)\Sata(0x1,0xFFFF,0x0)\HD(3,GPT,15D0B49B-F77C-4227-B86F-A7F218CB9A54,0xD0DD800,0xB71B0000)) ... skipped because volume is hidden
2:607  0:000      Checking volume "ST_OS X 1010" (PciRoot(0x0)\Pci(0x1F,0x2)\Sata(0x1,0xFFFF,0x0)\HD(4,GPT,72892FC1-8188-4AF3-BDFC-8EB3487D715E,0xC428D800,0xFE63800)) ... skipped
2:607  0:000      Checking volume "Recovery HD" (PciRoot(0x0)\Pci(0x1F,0x2)\Sata(0x1,0xFFFF,0x0)\HD(5,GPT,D2B53481-B760-4E92-90E4-E786DF90A545,0xD40F1000,0x135F20)) ... skipped because volume is hidden
2:607  0:000      Checking volume "ST_OS X 1011" (PciRoot(0x0)\Pci(0x1F,0x2)\Sata(0x1,0xFFFF,0x0)\HD(6,GPT,B745F473-B644-4302-9C03-1031D84ABFD1,0xD4227800,0x1122E8E0)) ... skipped
2:607  0:000      Checking volume "ST_OS X 1095" (PciRoot(0x0)\Pci(0x1F,0x2)\Sata(0x1,0xFFFF,0x0)\HD(8,GPT,21BD0321-8928-4B09-818D-1006395F1166,0xE55CB800,0x3707168)) ... skipped
2:607  0:000      Checking volume "Recovery HD" (PciRoot(0x0)\Pci(0x1F,0x2)\Sata(0x1,0xFFFF,0x0)\HD(9,GPT,6559FD9D-F87B-48FB-AF5E-85E05854B928,0xE8CD2968,0x135F20)) ... skipped because volume is hidden
2:607  0:000  Custom entry 3 FullTitle:"ST_OS X Yosemite" Path:"\System\Library\CoreServices\boot.efi" Type:1 Flags:0xA matching Volume:"72892FC1-8188-4AF3-BDFC-8EB3487D715E"
2:607  0:000      Checking volume "EFI" (PciRoot(0x0)\Pci(0x1F,0x2)\Sata(0x0,0xFFFF,0x0)\HD(1,GPT,F333D6C6-0036-4E15-89BD-B3347A6C6B08,0x28,0x64000)) ... skipped
2:607  0:000      Checking volume "SSD_WIN10" (PciRoot(0x0)\Pci(0x1F,0x2)\Sata(0x0,0xFFFF,0x0)\HD(3,GPT,DBBE0983-F61B-42AE-BC68-D524E8E998D9,0x6C800,0xA067800)) ... skipped
2:607  0:000      Checking volume "SSD_OS X" (PciRoot(0x0)\Pci(0x1F,0x2)\Sata(0x0,0xFFFF,0x0)\HD(4,GPT,3295EE55-8C06-4273-9A36-5AE3203CE636,0xA0D4018,0x130069A8)) ... skipped
2:607  0:000      Checking volume "Recovery HD" (PciRoot(0x0)\Pci(0x1F,0x2)\Sata(0x0,0xFFFF,0x0)\HD(5,GPT,88697EBA-8263-4600-B44D-DDEBA9881401,0x1D0DA9C0,0x135F20)) ... skipped because volume is hidden
2:607  0:000      Checking volume "SSD_BAK" (PciRoot(0x0)\Pci(0x1F,0x2)\Sata(0x0,0xFFFF,0x0)\HD(6,GPT,ECE27779-4274-4753-9272-F41C513A9EA8,0x1D2108E0,0x135F20)) ... skipped
2:607  0:000      Checking volume "EFI" (PciRoot(0x0)\Pci(0x1F,0x2)\Sata(0x1,0xFFFF,0x0)\HD(1,GPT,36981534-1E0D-4ED2-85ED-A36A0FD6F295,0x28,0x64000)) ... skipped
2:607  0:000      Checking volume "ST_WIN81" (PciRoot(0x0)\Pci(0x1F,0x2)\Sata(0x1,0xFFFF,0x0)\HD(2,GPT,983EFCFE-765F-4AD3-8DE7-C7D4D09D8351,0x64800,0xD079000)) ... skipped
2:607  0:000      Checking volume "ST_DATA" (PciRoot(0x0)\Pci(0x1F,0x2)\Sata(0x1,0xFFFF,0x0)\HD(3,GPT,15D0B49B-F77C-4227-B86F-A7F218CB9A54,0xD0DD800,0xB71B0000)) ... skipped because volume is hidden
2:607  0:000      Checking volume "ST_OS X 1010" (PciRoot(0x0)\Pci(0x1F,0x2)\Sata(0x1,0xFFFF,0x0)\HD(4,GPT,72892FC1-8188-4AF3-BDFC-8EB3487D715E,0xC428D800,0xFE63800)) ... match!
2:676  0:068      Check if volume Is Hibernated:
2:676  0:000      Check sleep image 'by signature':
2:725  0:048      read prefs \Library\Preferences\SystemConfiguration\com.apple.PowerManagement.plist status=Success
2:725  0:000      SleepImage name from pref: ImageVolume = 'ST_OS X 1010', ImageName = '\private\var\vm\sleepimage'
2:750  0:025      Reading first 512 bytes of sleepimage ...
2:754  0:004   OurBlockIoRead: Lba=C58F79F0, Offset=18B1EF3E000 (BlockSize=512)
2:754  0:000   sig lion: F1E0BE9D
2:754  0:000   sig snow: 0
2:754  0:000   no valid sleep image offset was found
2:754  0:000      Reading completed -> Success
2:754  0:000       sleepimage offset could not be acquired
2:754  0:000       hibernated: no - sign
2:762  0:007      Checking volume "Recovery HD" (PciRoot(0x0)\Pci(0x1F,0x2)\Sata(0x1,0xFFFF,0x0)\HD(5,GPT,D2B53481-B760-4E92-90E4-E786DF90A545,0xD40F1000,0x135F20)) ... skipped because volume is hidden
2:762  0:000      Checking volume "ST_OS X 1011" (PciRoot(0x0)\Pci(0x1F,0x2)\Sata(0x1,0xFFFF,0x0)\HD(6,GPT,B745F473-B644-4302-9C03-1031D84ABFD1,0xD4227800,0x1122E8E0)) ... skipped
2:762  0:000      Checking volume "ST_OS X 1095" (PciRoot(0x0)\Pci(0x1F,0x2)\Sata(0x1,0xFFFF,0x0)\HD(8,GPT,21BD0321-8928-4B09-818D-1006395F1166,0xE55CB800,0x3707168)) ... skipped
2:762  0:000      Checking volume "Recovery HD" (PciRoot(0x0)\Pci(0x1F,0x2)\Sata(0x1,0xFFFF,0x0)\HD(9,GPT,6559FD9D-F87B-48FB-AF5E-85E05854B928,0xE8CD2968,0x135F20)) ... skipped because volume is hidden
2:762  0:000  Custom entry 4 FullTitle:"ST_OS X El Capitan" Path:"\System\Library\CoreServices\boot.efi" Type:1 Flags:0xA matching Volume:"B745F473-B644-4302-9C03-1031D84ABFD1"
2:762  0:000      Checking volume "EFI" (PciRoot(0x0)\Pci(0x1F,0x2)\Sata(0x0,0xFFFF,0x0)\HD(1,GPT,F333D6C6-0036-4E15-89BD-B3347A6C6B08,0x28,0x64000)) ... skipped
2:762  0:000      Checking volume "SSD_WIN10" (PciRoot(0x0)\Pci(0x1F,0x2)\Sata(0x0,0xFFFF,0x0)\HD(3,GPT,DBBE0983-F61B-42AE-BC68-D524E8E998D9,0x6C800,0xA067800)) ... skipped
2:762  0:000      Checking volume "SSD_OS X" (PciRoot(0x0)\Pci(0x1F,0x2)\Sata(0x0,0xFFFF,0x0)\HD(4,GPT,3295EE55-8C06-4273-9A36-5AE3203CE636,0xA0D4018,0x130069A8)) ... skipped
2:762  0:000      Checking volume "Recovery HD" (PciRoot(0x0)\Pci(0x1F,0x2)\Sata(0x0,0xFFFF,0x0)\HD(5,GPT,88697EBA-8263-4600-B44D-DDEBA9881401,0x1D0DA9C0,0x135F20)) ... skipped because volume is hidden
2:762  0:000      Checking volume "SSD_BAK" (PciRoot(0x0)\Pci(0x1F,0x2)\Sata(0x0,0xFFFF,0x0)\HD(6,GPT,ECE27779-4274-4753-9272-F41C513A9EA8,0x1D2108E0,0x135F20)) ... skipped
2:762  0:000      Checking volume "EFI" (PciRoot(0x0)\Pci(0x1F,0x2)\Sata(0x1,0xFFFF,0x0)\HD(1,GPT,36981534-1E0D-4ED2-85ED-A36A0FD6F295,0x28,0x64000)) ... skipped
2:762  0:000      Checking volume "ST_WIN81" (PciRoot(0x0)\Pci(0x1F,0x2)\Sata(0x1,0xFFFF,0x0)\HD(2,GPT,983EFCFE-765F-4AD3-8DE7-C7D4D09D8351,0x64800,0xD079000)) ... skipped
2:762  0:000      Checking volume "ST_DATA" (PciRoot(0x0)\Pci(0x1F,0x2)\Sata(0x1,0xFFFF,0x0)\HD(3,GPT,15D0B49B-F77C-4227-B86F-A7F218CB9A54,0xD0DD800,0xB71B0000)) ... skipped because volume is hidden
2:762  0:000      Checking volume "ST_OS X 1010" (PciRoot(0x0)\Pci(0x1F,0x2)\Sata(0x1,0xFFFF,0x0)\HD(4,GPT,72892FC1-8188-4AF3-BDFC-8EB3487D715E,0xC428D800,0xFE63800)) ... skipped
2:762  0:000      Checking volume "Recovery HD" (PciRoot(0x0)\Pci(0x1F,0x2)\Sata(0x1,0xFFFF,0x0)\HD(5,GPT,D2B53481-B760-4E92-90E4-E786DF90A545,0xD40F1000,0x135F20)) ... skipped because volume is hidden
2:762  0:000      Checking volume "ST_OS X 1011" (PciRoot(0x0)\Pci(0x1F,0x2)\Sata(0x1,0xFFFF,0x0)\HD(6,GPT,B745F473-B644-4302-9C03-1031D84ABFD1,0xD4227800,0x1122E8E0)) ... skipped because path does not exist
2:762  0:000      Checking volume "ST_OS X 1095" (PciRoot(0x0)\Pci(0x1F,0x2)\Sata(0x1,0xFFFF,0x0)\HD(8,GPT,21BD0321-8928-4B09-818D-1006395F1166,0xE55CB800,0x3707168)) ... skipped
2:762  0:000      Checking volume "Recovery HD" (PciRoot(0x0)\Pci(0x1F,0x2)\Sata(0x1,0xFFFF,0x0)\HD(9,GPT,6559FD9D-F87B-48FB-AF5E-85E05854B928,0xE8CD2968,0x135F20)) ... skipped because volume is hidden
2:762  0:000  Custom entries finish
2:762  0:000  Scanning loaders...
2:762  0:000   0: 'Whole Disc Boot' no file system
2:762  0:000   1: 'Whole Disc Boot' no file system
2:762  0:000   2: 'Whole Disc Boot' no file system
2:762  0:000   3: 'EFI'
2:771  0:009      AddLoaderEntry for Volume Name=EFI
2:771  0:000       skipped because path `PciRoot(0x0)\Pci(0x1F,0x2)\Sata(0x0,0xFFFF,0x0)\HD(1,GPT,F333D6C6-0036-4E15-89BD-B3347A6C6B08,0x28,0x64000)\EFI\microsoft\Boot\bootmgfw.efi` already exists for another entry!
2:781  0:009   4: 'Legacy HD2' no file system
2:781  0:000   5: 'SSD_WIN10'
2:802  0:021   6: 'SSD_OS X'
2:802  0:000      AddLoaderEntry for Volume Name=SSD_OS X
2:803  0:000       skipped because path `PciRoot(0x0)\Pci(0x1F,0x2)\Sata(0x0,0xFFFF,0x0)\HD(4,GPT,3295EE55-8C06-4273-9A36-5AE3203CE636,0xA0D4018,0x130069A8)\System\Library\CoreServices\boot.efi` already exists for another entry!
2:804  0:001      AddLoaderEntry for Volume Name=SSD_OS X
2:813  0:008   7: 'Recovery HD' hidden
2:813  0:000   8: 'SSD_BAK'
2:820  0:007   9: 'Legacy HD7' no file system
2:820  0:000  10: 'EFI'
2:860  0:039      AddLoaderEntry for Volume Name=EFI
2:860  0:000       skipped because path `PciRoot(0x0)\Pci(0x1F,0x2)\Sata(0x1,0xFFFF,0x0)\HD(1,GPT,36981534-1E0D-4ED2-85ED-A36A0FD6F295,0x28,0x64000)\EFI\microsoft\Boot\bootmgfw.efi` already exists for another entry!
2:875  0:015  11: 'ST_WIN81'
2:897  0:021  12: 'ST_DATA' hidden
2:897  0:000  13: 'ST_OS X 1010'
2:897  0:000      AddLoaderEntry for Volume Name=ST_OS X 1010
2:897  0:000       skipped because path `PciRoot(0x0)\Pci(0x1F,0x2)\Sata(0x1,0xFFFF,0x0)\HD(4,GPT,72892FC1-8188-4AF3-BDFC-8EB3487D715E,0xC428D800,0xFE63800)\System\Library\CoreServices\boot.efi` already exists for another entry!
2:919  0:022      AddLoaderEntry for Volume Name=ST_OS X 1010
2:939  0:019  14: 'Recovery HD' hidden
2:939  0:000  15: 'ST_OS X 1011'
2:947  0:007  16: 'Legacy HD7' no file system
2:947  0:000  17: 'ST_OS X 1095'
2:999  0:051      AddLoaderEntry for Volume Name=ST_OS X 1095
3:026  0:027      Check if volume Is Hibernated:
3:026  0:000      Check sleep image 'by signature':
3:054  0:027      read prefs \Library\Preferences\SystemConfiguration\com.apple.PowerManagement.plist status=Not Found
3:054  0:000      using default sleep image name = \private\var\vm\sleepimage
3:073  0:019      Reading first 512 bytes of sleepimage ...
3:078  0:004   OurBlockIoRead: Lba=E6B8B8D8, Offset=1CD7171B000 (BlockSize=512)
3:078  0:000   sig lion: CDB16B3A
3:078  0:000   sig snow: 4A9CB6E0
3:078  0:000   no valid sleep image offset was found
3:078  0:000      Reading completed -> Success
3:078  0:000       sleepimage offset could not be acquired
3:078  0:000       hibernated: no - sign
3:094  0:016  18: 'Recovery HD' hidden
3:094  0:000  Custom legacy start
3:094  0:000  Custom legacy end
3:094  0:000  Custom tool start
3:094  0:000  Custom tool end
3:098  0:003  EmuVariable InstallEmulation: EFI_ALREADY_STARTED
3:098  0:000  GetEfiBootDeviceFromNvram: efi-boot-device-data not found
3:098  0:000  EfiBootVolume not found
3:098  0:000   found entry 2. 'SSD_OS X Yosemite', Volume 'SSD_OS X', DevicePath 'PciRoot(0x0)\Pci(0x1F,0x2)\Sata(0x0,0xFFFF,0x0)\HD(4,GPT,3295EE55-8C06-4273-9A36-5AE3203CE636,0xA0D4018,0x130069A8)\System\Library\CoreServices\boot.efi'
3:098  0:000  EmuVariable UninstallEmulation: CloseEvent = Success, original var services restored
3:098  0:000  DefaultIndex=2 and MainMenu.EntryCount=11
3:628  0:530  GUI ready
